<?xml version="1.0" encoding="UTF-8"?>
<testsuite xmlns:xsi="http://www.w3.org/2001/XMLSchema-instance" xsi:noNamespaceSchemaLocation="https://maven.apache.org/surefire/maven-surefire-plugin/xsd/surefire-test-report-3.0.xsd" version="3.0" name="ru.pominov.taskmanager.service.CommentServiceIntegrationTests" time="0.306" tests="2" errors="0" skipped="0" failures="0">
  <properties>
[...]
</properties>
  <testcase name="shouldAddNewComment" classname="ru.pominov.taskmanager.service.CommentServiceIntegrationTests" time="0.15">
    <system-out><![CDATA[&amp#27;[2m2023-12-12T21:09:47.456+03:00&amp#27;[0;39m &amp#27;[32m INFO&amp#27;[0;39m &amp#27;[35m1591&amp#27;[0;39m &amp#27;[2m---&amp#27;[0;39m &amp#27;[2m[           main]&amp#27;[0;39m &amp#27;[36mt.c.s.AnnotationConfigContextLoaderUtils&amp#27;[0;39m &amp#27;[2m:&amp#27;[0;39m Could not detect default configuration classes for test class [ru.pominov.taskmanager.service.CommentServiceIntegrationTests]: CommentServiceIntegrationTests does not declare any static, non-private, non-final, nested classes annotated with @Configuration.
&amp#27;[2m2023-12-12T21:09:47.457+03:00&amp#27;[0;39m &amp#27;[32m INFO&amp#27;[0;39m &amp#27;[35m1591&amp#27;[0;39m &amp#27;[2m---&amp#27;[0;39m &amp#27;[2m[           main]&amp#27;[0;39m &amp#27;[36m.b.t.c.SpringBootTestContextBootstrapper&amp#27;[0;39m &amp#27;[2m:&amp#27;[0;39m Found @SpringBootConfiguration ru.pominov.taskmanager.TaskManagerApplication for test class ru.pominov.taskmanager.service.CommentServiceIntegrationTests
&amp#27;[2m2023-12-12T21:09:47.604+03:00&amp#27;[0;39m &amp#27;[32m INFO&amp#27;[0;39m &amp#27;[35m1591&amp#27;[0;39m &amp#27;[2m---&amp#27;[0;39m &amp#27;[2m[           main]&amp#27;[0;39m &amp#27;[36mr.p.t.service.task.TaskServiceImpl      &amp#27;[0;39m &amp#27;[2m:&amp#27;[0;39m Add new task for user with ID: 18, task = Task(id=11, title=Покормить животных, description=null, status=WAITING, priority=LOW, author=User(id=18, enabled=true, firstName=null, lastName=null, userInfo=UserInfo(id=16, email=user1702404587306@mail.ru, password=$2a$10$/QaRQdB5C4rnIIWBmlF63e.hP1YiQSs5todWSr4OcDmjRw7zRCJa., roles=ROLE_USER)), performer=null)
&amp#27;[2m2023-12-12T21:09:47.607+03:00&amp#27;[0;39m &amp#27;[32m INFO&amp#27;[0;39m &amp#27;[35m1591&amp#27;[0;39m &amp#27;[2m---&amp#27;[0;39m &amp#27;[2m[           main]&amp#27;[0;39m &amp#27;[36mr.p.t.s.comment.CommentServiceImpl      &amp#27;[0;39m &amp#27;[2m:&amp#27;[0;39m Saved new comment to task with ID: 11. Comment data = Comment(id=1, text=Хорошая задача, author=User(id=19, enabled=true, firstName=null, lastName=null, userInfo=UserInfo(id=17, email=user21702404587306@mail.ru, password=$2a$10$xRgV6DimoHa4I1H1wNPCDe6IUueKRP8VQDKhF8bY7C57cWf6QLS9u, roles=ROLE_USER)), task=Task(id=11, title=Покормить животных, description=null, status=WAITING, priority=LOW, author=User(id=18, enabled=true, firstName=null, lastName=null, userInfo=UserInfo(id=16, email=user1702404587306@mail.ru, password=$2a$10$/QaRQdB5C4rnIIWBmlF63e.hP1YiQSs5todWSr4OcDmjRw7zRCJa., roles=ROLE_USER)), performer=null), created=2023-12-12T21:09:47.605562)
]]></system-out>
  </testcase>
  <testcase name="shouldGetTaskCommentsWithSort" classname="ru.pominov.taskmanager.service.CommentServiceIntegrationTests" time="0.153">
    <system-out><![CDATA[&amp#27;[2m2023-12-12T21:09:47.756+03:00&amp#27;[0;39m &amp#27;[32m INFO&amp#27;[0;39m &amp#27;[35m1591&amp#27;[0;39m &amp#27;[2m---&amp#27;[0;39m &amp#27;[2m[           main]&amp#27;[0;39m &amp#27;[36mr.p.t.service.task.TaskServiceImpl      &amp#27;[0;39m &amp#27;[2m:&amp#27;[0;39m Add new task for user with ID: 20, task = Task(id=12, title=Покормить животных, description=null, status=WAITING, priority=LOW, author=User(id=20, enabled=true, firstName=null, lastName=null, userInfo=UserInfo(id=18, email=user1702404587459@mail.ru, password=$2a$10$OIIOtYNqmqiMk0InJsNjQupjcXZXQ9LE4wIL00bDu6VY9DXeK7Q6a, roles=ROLE_USER)), performer=null)
&amp#27;[2m2023-12-12T21:09:47.757+03:00&amp#27;[0;39m &amp#27;[32m INFO&amp#27;[0;39m &amp#27;[35m1591&amp#27;[0;39m &amp#27;[2m---&amp#27;[0;39m &amp#27;[2m[           main]&amp#27;[0;39m &amp#27;[36mr.p.t.s.comment.CommentServiceImpl      &amp#27;[0;39m &amp#27;[2m:&amp#27;[0;39m Saved new comment to task with ID: 12. Comment data = Comment(id=2, text=Первый комментарий, author=User(id=21, enabled=true, firstName=null, lastName=null, userInfo=UserInfo(id=19, email=user21702404587459@mail.ru, password=$2a$10$hSC7ihv3pC1BqbTVSsJ1i.Z8lrG8tevjiFTpG9JWs4kIgXEtZEtj2, roles=ROLE_USER)), task=Task(id=12, title=Покормить животных, description=null, status=WAITING, priority=LOW, author=User(id=20, enabled=true, firstName=null, lastName=null, userInfo=UserInfo(id=18, email=user1702404587459@mail.ru, password=$2a$10$OIIOtYNqmqiMk0InJsNjQupjcXZXQ9LE4wIL00bDu6VY9DXeK7Q6a, roles=ROLE_USER)), performer=null), created=2023-12-12T21:09:47.757340)
&amp#27;[2m2023-12-12T21:09:47.758+03:00&amp#27;[0;39m &amp#27;[32m INFO&amp#27;[0;39m &amp#27;[35m1591&amp#27;[0;39m &amp#27;[2m---&amp#27;[0;39m &amp#27;[2m[           main]&amp#27;[0;39m &amp#27;[36mr.p.t.s.comment.CommentServiceImpl      &amp#27;[0;39m &amp#27;[2m:&amp#27;[0;39m Saved new comment to task with ID: 12. Comment data = Comment(id=3, text=Второй комментарий, author=User(id=21, enabled=true, firstName=null, lastName=null, userInfo=UserInfo(id=19, email=user21702404587459@mail.ru, password=$2a$10$hSC7ihv3pC1BqbTVSsJ1i.Z8lrG8tevjiFTpG9JWs4kIgXEtZEtj2, roles=ROLE_USER)), task=Task(id=12, title=Покормить животных, description=null, status=WAITING, priority=LOW, author=User(id=20, enabled=true, firstName=null, lastName=null, userInfo=UserInfo(id=18, email=user1702404587459@mail.ru, password=$2a$10$OIIOtYNqmqiMk0InJsNjQupjcXZXQ9LE4wIL00bDu6VY9DXeK7Q6a, roles=ROLE_USER)), performer=null), created=2023-12-12T21:09:47.758566)
]]></system-out>
  </testcase>
</testsuite>