<?xml version="1.0" encoding="UTF-8"?>
<testsuite xmlns:xsi="http://www.w3.org/2001/XMLSchema-instance" xsi:noNamespaceSchemaLocation="https://maven.apache.org/surefire/maven-surefire-plugin/xsd/surefire-test-report-3.0.xsd" version="3.0" name="ru.pominov.taskmanager.service.TaskServiceIntegrationTests" time="1.289" tests="11" errors="0" skipped="0" failures="0">
  <properties>
[...]
</properties>
  <testcase name="addNewTaskShouldAdd" classname="ru.pominov.taskmanager.service.TaskServiceIntegrationTests" time="0.08">
    <system-out><![CDATA[&amp#27;[2m2023-12-12T21:09:46.167+03:00&amp#27;[0;39m &amp#27;[32m INFO&amp#27;[0;39m &amp#27;[35m1591&amp#27;[0;39m &amp#27;[2m---&amp#27;[0;39m &amp#27;[2m[           main]&amp#27;[0;39m &amp#27;[36mt.c.s.AnnotationConfigContextLoaderUtils&amp#27;[0;39m &amp#27;[2m:&amp#27;[0;39m Could not detect default configuration classes for test class [ru.pominov.taskmanager.service.TaskServiceIntegrationTests]: TaskServiceIntegrationTests does not declare any static, non-private, non-final, nested classes annotated with @Configuration.
&amp#27;[2m2023-12-12T21:09:46.168+03:00&amp#27;[0;39m &amp#27;[32m INFO&amp#27;[0;39m &amp#27;[35m1591&amp#27;[0;39m &amp#27;[2m---&amp#27;[0;39m &amp#27;[2m[           main]&amp#27;[0;39m &amp#27;[36m.b.t.c.SpringBootTestContextBootstrapper&amp#27;[0;39m &amp#27;[2m:&amp#27;[0;39m Found @SpringBootConfiguration ru.pominov.taskmanager.TaskManagerApplication for test class ru.pominov.taskmanager.service.TaskServiceIntegrationTests
&amp#27;[2m2023-12-12T21:09:46.246+03:00&amp#27;[0;39m &amp#27;[32m INFO&amp#27;[0;39m &amp#27;[35m1591&amp#27;[0;39m &amp#27;[2m---&amp#27;[0;39m &amp#27;[2m[           main]&amp#27;[0;39m &amp#27;[36mr.p.t.service.task.TaskServiceImpl      &amp#27;[0;39m &amp#27;[2m:&amp#27;[0;39m Add new task for user with ID: 1, task = Task(id=1, title=Покормить животных, description=null, status=WAITING, priority=LOW, author=User(id=1, enabled=true, firstName=Евгений, lastName=Ассертов, userInfo=UserInfo(id=1, email=user13@mail.ru, password=$2a$10$tAMqO2j2tZcofKzGU4ze5elZVtpa6xS4ufLftkW21NG6XJMad39/W, roles=ROLE_USER)), performer=null)
]]></system-out>
  </testcase>
  <testcase name="editTaskShouldThrowConflictExceptionWhenUserIsNotAuthor" classname="ru.pominov.taskmanager.service.TaskServiceIntegrationTests" time="0.201">
    <system-out><![CDATA[&amp#27;[2m2023-12-12T21:09:46.398+03:00&amp#27;[0;39m &amp#27;[32m INFO&amp#27;[0;39m &amp#27;[35m1591&amp#27;[0;39m &amp#27;[2m---&amp#27;[0;39m &amp#27;[2m[           main]&amp#27;[0;39m &amp#27;[36mr.p.t.service.task.TaskServiceImpl      &amp#27;[0;39m &amp#27;[2m:&amp#27;[0;39m Add new task for user with ID: 3, task = Task(id=2, title=Покормить животных, description=null, status=WAITING, priority=LOW, author=User(id=3, enabled=true, firstName=null, lastName=null, userInfo=UserInfo(id=1, email=user13@mail.ru, password=$2a$10$tAMqO2j2tZcofKzGU4ze5elZVtpa6xS4ufLftkW21NG6XJMad39/W, roles=ROLE_USER)), performer=null)
&amp#27;[2m2023-12-12T21:09:46.450+03:00&amp#27;[0;39m &amp#27;[31mERROR&amp#27;[0;39m &amp#27;[35m1591&amp#27;[0;39m &amp#27;[2m---&amp#27;[0;39m &amp#27;[2m[           main]&amp#27;[0;39m &amp#27;[36mr.p.t.service.task.TaskServiceImpl      &amp#27;[0;39m &amp#27;[2m:&amp#27;[0;39m User with ID: 4 doesn't have task with ID: 1
]]></system-out>
  </testcase>
  <testcase name="getAuthorTaskByIdShouldReturnAuthorTask" classname="ru.pominov.taskmanager.service.TaskServiceIntegrationTests" time="0.076">
    <system-out><![CDATA[&amp#27;[2m2023-12-12T21:09:46.526+03:00&amp#27;[0;39m &amp#27;[32m INFO&amp#27;[0;39m &amp#27;[35m1591&amp#27;[0;39m &amp#27;[2m---&amp#27;[0;39m &amp#27;[2m[           main]&amp#27;[0;39m &amp#27;[36mr.p.t.service.task.TaskServiceImpl      &amp#27;[0;39m &amp#27;[2m:&amp#27;[0;39m Add new task for user with ID: 5, task = Task(id=3, title=Покормить животных, description=null, status=WAITING, priority=LOW, author=User(id=5, enabled=true, firstName=null, lastName=null, userInfo=UserInfo(id=3, email=user1702404586251@mail.ru, password=$2a$10$h.PTbowm5YGXMzDjLAwZL.QQxcFKo7dhwnoymw.0f5c/2vqs/lVPq, roles=ROLE_USER)), performer=null)
]]></system-out>
  </testcase>
  <testcase name="getAuthorTaskByIdShouldThrowConflictException" classname="ru.pominov.taskmanager.service.TaskServiceIntegrationTests" time="0.076">
    <system-out><![CDATA[&amp#27;[2m2023-12-12T21:09:46.602+03:00&amp#27;[0;39m &amp#27;[32m INFO&amp#27;[0;39m &amp#27;[35m1591&amp#27;[0;39m &amp#27;[2m---&amp#27;[0;39m &amp#27;[2m[           main]&amp#27;[0;39m &amp#27;[36mr.p.t.service.task.TaskServiceImpl      &amp#27;[0;39m &amp#27;[2m:&amp#27;[0;39m Add new task for user with ID: 6, task = Task(id=4, title=Покормить животных, description=null, status=WAITING, priority=LOW, author=User(id=6, enabled=true, firstName=null, lastName=null, userInfo=UserInfo(id=4, email=user21702404586251@mail.ru, password=$2a$10$O8SjgTv.Agn6ukXIptln7ubsCgaosT2M9pWuDTrYiXjLv.waIhJbi, roles=ROLE_USER)), performer=null)
&amp#27;[2m2023-12-12T21:09:46.604+03:00&amp#27;[0;39m &amp#27;[31mERROR&amp#27;[0;39m &amp#27;[35m1591&amp#27;[0;39m &amp#27;[2m---&amp#27;[0;39m &amp#27;[2m[           main]&amp#27;[0;39m &amp#27;[36mr.p.t.service.task.TaskServiceImpl      &amp#27;[0;39m &amp#27;[2m:&amp#27;[0;39m User with ID: 100 doesn't have task with ID: 4
]]></system-out>
  </testcase>
  <testcase name="addNewTaskShouldThrowDataNotFoundExceptionWhenUserDoesntExist" classname="ru.pominov.taskmanager.service.TaskServiceIntegrationTests" time="0.002"/>
  <testcase name="shouldDeleteTask" classname="ru.pominov.taskmanager.service.TaskServiceIntegrationTests" time="0.081">
    <system-out><![CDATA[&amp#27;[2m2023-12-12T21:09:46.682+03:00&amp#27;[0;39m &amp#27;[32m INFO&amp#27;[0;39m &amp#27;[35m1591&amp#27;[0;39m &amp#27;[2m---&amp#27;[0;39m &amp#27;[2m[           main]&amp#27;[0;39m &amp#27;[36mr.p.t.service.task.TaskServiceImpl      &amp#27;[0;39m &amp#27;[2m:&amp#27;[0;39m Add new task for user with ID: 7, task = Task(id=5, title=Покормить животных, description=null, status=WAITING, priority=LOW, author=User(id=7, enabled=true, firstName=null, lastName=null, userInfo=UserInfo(id=5, email=user1702404586452@mail.ru, password=$2a$10$QCvcY8U2K60qQLuuLFWQX.eCre6.kaI2j8eaceeP7.lV64rT.sghC, roles=ROLE_USER)), performer=null)
&amp#27;[2m2023-12-12T21:09:46.687+03:00&amp#27;[0;39m &amp#27;[32m INFO&amp#27;[0;39m &amp#27;[35m1591&amp#27;[0;39m &amp#27;[2m---&amp#27;[0;39m &amp#27;[2m[           main]&amp#27;[0;39m &amp#27;[36mr.p.t.service.task.TaskServiceImpl      &amp#27;[0;39m &amp#27;[2m:&amp#27;[0;39m Delete task with ID: 5
]]></system-out>
  </testcase>
  <testcase name="getPerformerTaskByIdShouldThrowConflictException" classname="ru.pominov.taskmanager.service.TaskServiceIntegrationTests" time="0.151">
    <system-out><![CDATA[&amp#27;[2m2023-12-12T21:09:46.835+03:00&amp#27;[0;39m &amp#27;[32m INFO&amp#27;[0;39m &amp#27;[35m1591&amp#27;[0;39m &amp#27;[2m---&amp#27;[0;39m &amp#27;[2m[           main]&amp#27;[0;39m &amp#27;[36mr.p.t.service.task.TaskServiceImpl      &amp#27;[0;39m &amp#27;[2m:&amp#27;[0;39m Add new task for user with ID: 8, task = Task(id=6, title=Покормить животных, description=null, status=WAITING, priority=LOW, author=User(id=8, enabled=true, firstName=null, lastName=null, userInfo=UserInfo(id=6, email=user1702404586529@mail.ru, password=$2a$10$9sgOm034SOZCVhKxTJDLfOL/N8KhdoeL8gV6RHC7L.LFSJ8vTochO, roles=ROLE_USER)), performer=null)
&amp#27;[2m2023-12-12T21:09:46.838+03:00&amp#27;[0;39m &amp#27;[32m INFO&amp#27;[0;39m &amp#27;[35m1591&amp#27;[0;39m &amp#27;[2m---&amp#27;[0;39m &amp#27;[2m[           main]&amp#27;[0;39m &amp#27;[36mr.p.t.service.task.TaskServiceImpl      &amp#27;[0;39m &amp#27;[2m:&amp#27;[0;39m Update task with ID: 6. New data = Task(id=6, title=Покормить животных, description=null, status=WAITING, priority=LOW, author=User(id=8, enabled=true, firstName=null, lastName=null, userInfo=UserInfo(id=6, email=user1702404586529@mail.ru, password=$2a$10$9sgOm034SOZCVhKxTJDLfOL/N8KhdoeL8gV6RHC7L.LFSJ8vTochO, roles=ROLE_USER)), performer=User(id=9, enabled=true, firstName=null, lastName=null, userInfo=UserInfo(id=7, email=user1702404586608@mail.ru, password=$2a$10$Vwf9mtiVb8VGK7z0B9UyM.XQUFRKPLa6wfxKMBRL0rLcDxDi9Iddq, roles=ROLE_USER)))
&amp#27;[2m2023-12-12T21:09:46.839+03:00&amp#27;[0;39m &amp#27;[31mERROR&amp#27;[0;39m &amp#27;[35m1591&amp#27;[0;39m &amp#27;[2m---&amp#27;[0;39m &amp#27;[2m[           main]&amp#27;[0;39m &amp#27;[36mr.p.t.service.task.TaskServiceImpl      &amp#27;[0;39m &amp#27;[2m:&amp#27;[0;39m Performer with ID: 9 doesn't execute in task with ID: 100
]]></system-out>
  </testcase>
  <testcase name="changeTaskStatusByPerformerShouldChangeStatus" classname="ru.pominov.taskmanager.service.TaskServiceIntegrationTests" time="0.153">
    <system-out><![CDATA[&amp#27;[2m2023-12-12T21:09:46.988+03:00&amp#27;[0;39m &amp#27;[32m INFO&amp#27;[0;39m &amp#27;[35m1591&amp#27;[0;39m &amp#27;[2m---&amp#27;[0;39m &amp#27;[2m[           main]&amp#27;[0;39m &amp#27;[36mr.p.t.service.task.TaskServiceImpl      &amp#27;[0;39m &amp#27;[2m:&amp#27;[0;39m Add new task for user with ID: 10, task = Task(id=7, title=Покормить животных, description=null, status=WAITING, priority=LOW, author=User(id=10, enabled=true, firstName=null, lastName=null, userInfo=UserInfo(id=8, email=user1702404586690@mail.ru, password=$2a$10$jC9Sp.Hz0Bbf9TCqQXTS9eL8d4Sl9QOjynmJu403WiOr3W3xU.iSO, roles=ROLE_USER)), performer=null)
&amp#27;[2m2023-12-12T21:09:46.991+03:00&amp#27;[0;39m &amp#27;[32m INFO&amp#27;[0;39m &amp#27;[35m1591&amp#27;[0;39m &amp#27;[2m---&amp#27;[0;39m &amp#27;[2m[           main]&amp#27;[0;39m &amp#27;[36mr.p.t.service.task.TaskServiceImpl      &amp#27;[0;39m &amp#27;[2m:&amp#27;[0;39m Update task with ID: 7. New data = Task(id=7, title=Покормить животных, description=null, status=WAITING, priority=LOW, author=User(id=10, enabled=true, firstName=null, lastName=null, userInfo=UserInfo(id=8, email=user1702404586690@mail.ru, password=$2a$10$jC9Sp.Hz0Bbf9TCqQXTS9eL8d4Sl9QOjynmJu403WiOr3W3xU.iSO, roles=ROLE_USER)), performer=User(id=11, enabled=true, firstName=null, lastName=null, userInfo=UserInfo(id=9, email=user21702404586690@mail.ru, password=$2a$10$52WP77dcxZNhmRSWjhnKlO3c3RmLvths4QyqgKGNkcQWQtGDxByvy, roles=ROLE_USER)))
&amp#27;[2m2023-12-12T21:09:46.993+03:00&amp#27;[0;39m &amp#27;[32m INFO&amp#27;[0;39m &amp#27;[35m1591&amp#27;[0;39m &amp#27;[2m---&amp#27;[0;39m &amp#27;[2m[           main]&amp#27;[0;39m &amp#27;[36mr.p.t.service.task.TaskServiceImpl      &amp#27;[0;39m &amp#27;[2m:&amp#27;[0;39m Performer with ID: 11 updated status for task with ID: 7 
]]></system-out>
  </testcase>
  <testcase name="shouldGetPerformerTasks" classname="ru.pominov.taskmanager.service.TaskServiceIntegrationTests" time="0.159">
    <system-out><![CDATA[&amp#27;[2m2023-12-12T21:09:47.140+03:00&amp#27;[0;39m &amp#27;[32m INFO&amp#27;[0;39m &amp#27;[35m1591&amp#27;[0;39m &amp#27;[2m---&amp#27;[0;39m &amp#27;[2m[           main]&amp#27;[0;39m &amp#27;[36mr.p.t.service.task.TaskServiceImpl      &amp#27;[0;39m &amp#27;[2m:&amp#27;[0;39m Add new task for user with ID: 12, task = Task(id=8, title=Покормить животных, description=null, status=WAITING, priority=LOW, author=User(id=12, enabled=true, firstName=null, lastName=null, userInfo=UserInfo(id=10, email=user1702404586842@mail.ru, password=$2a$10$TDdtMi8RcxvH1GqXiYYXY.KpUmX7RPJMj8aGq5QGvAge5W6kaG4A2, roles=ROLE_USER)), performer=null)
&amp#27;[2m2023-12-12T21:09:47.143+03:00&amp#27;[0;39m &amp#27;[32m INFO&amp#27;[0;39m &amp#27;[35m1591&amp#27;[0;39m &amp#27;[2m---&amp#27;[0;39m &amp#27;[2m[           main]&amp#27;[0;39m &amp#27;[36mr.p.t.service.task.TaskServiceImpl      &amp#27;[0;39m &amp#27;[2m:&amp#27;[0;39m Update task with ID: 8. New data = Task(id=8, title=Покормить животных, description=null, status=WAITING, priority=LOW, author=User(id=12, enabled=true, firstName=null, lastName=null, userInfo=UserInfo(id=10, email=user1702404586842@mail.ru, password=$2a$10$TDdtMi8RcxvH1GqXiYYXY.KpUmX7RPJMj8aGq5QGvAge5W6kaG4A2, roles=ROLE_USER)), performer=User(id=13, enabled=true, firstName=null, lastName=null, userInfo=UserInfo(id=11, email=user21702404586842@mail.ru, password=$2a$10$mqO1NOmxxFLA8TJpu0Ic0eW7C1CxctJPI3EpxySYcjbb12dzTfbpK, roles=ROLE_USER)))
]]></system-out>
  </testcase>
  <testcase name="changeTaskStatusByPerformerShouldThrowConflictException" classname="ru.pominov.taskmanager.service.TaskServiceIntegrationTests" time="0.15">
    <system-out><![CDATA[&amp#27;[2m2023-12-12T21:09:47.302+03:00&amp#27;[0;39m &amp#27;[32m INFO&amp#27;[0;39m &amp#27;[35m1591&amp#27;[0;39m &amp#27;[2m---&amp#27;[0;39m &amp#27;[2m[           main]&amp#27;[0;39m &amp#27;[36mr.p.t.service.task.TaskServiceImpl      &amp#27;[0;39m &amp#27;[2m:&amp#27;[0;39m Add new task for user with ID: 14, task = Task(id=9, title=Покормить животных, description=null, status=WAITING, priority=LOW, author=User(id=14, enabled=true, firstName=null, lastName=null, userInfo=UserInfo(id=12, email=user1702404586995@mail.ru, password=$2a$10$i4hNRsRHpQn3FL1ZnJdOfuyNDZhHIsIg6pxEPGQzV/1rYsgRye7pO, roles=ROLE_USER)), performer=null)
&amp#27;[2m2023-12-12T21:09:47.304+03:00&amp#27;[0;39m &amp#27;[31mERROR&amp#27;[0;39m &amp#27;[35m1591&amp#27;[0;39m &amp#27;[2m---&amp#27;[0;39m &amp#27;[2m[           main]&amp#27;[0;39m &amp#27;[36mr.p.t.service.task.TaskServiceImpl      &amp#27;[0;39m &amp#27;[2m:&amp#27;[0;39m Performer with ID: 15 doesn't execute in task with ID: 9
]]></system-out>
  </testcase>
  <testcase name="editTaskShouldEditPriorityAndSetPerformerAndEditDescription" classname="ru.pominov.taskmanager.service.TaskServiceIntegrationTests" time="0.15">
    <system-out><![CDATA[&amp#27;[2m2023-12-12T21:09:47.450+03:00&amp#27;[0;39m &amp#27;[32m INFO&amp#27;[0;39m &amp#27;[35m1591&amp#27;[0;39m &amp#27;[2m---&amp#27;[0;39m &amp#27;[2m[           main]&amp#27;[0;39m &amp#27;[36mr.p.t.service.task.TaskServiceImpl      &amp#27;[0;39m &amp#27;[2m:&amp#27;[0;39m Add new task for user with ID: 16, task = Task(id=10, title=Покормить животных, description=null, status=WAITING, priority=LOW, author=User(id=16, enabled=true, firstName=null, lastName=null, userInfo=UserInfo(id=14, email=user1702404587155@mail.ru, password=$2a$10$qo/EEsdapE3yzPGwBhPpSuEV5hKrzA7gKxcjJN1Q1GAe23u1RPZcG, roles=ROLE_USER)), performer=null)
&amp#27;[2m2023-12-12T21:09:47.453+03:00&amp#27;[0;39m &amp#27;[32m INFO&amp#27;[0;39m &amp#27;[35m1591&amp#27;[0;39m &amp#27;[2m---&amp#27;[0;39m &amp#27;[2m[           main]&amp#27;[0;39m &amp#27;[36mr.p.t.service.task.TaskServiceImpl      &amp#27;[0;39m &amp#27;[2m:&amp#27;[0;39m Update task with ID: 10. New data = Task(id=10, title=Покормить животных, description=В 8 утра сухими кормом, status=WAITING, priority=HIGH, author=User(id=16, enabled=true, firstName=null, lastName=null, userInfo=UserInfo(id=14, email=user1702404587155@mail.ru, password=$2a$10$qo/EEsdapE3yzPGwBhPpSuEV5hKrzA7gKxcjJN1Q1GAe23u1RPZcG, roles=ROLE_USER)), performer=User(id=17, enabled=true, firstName=null, lastName=null, userInfo=UserInfo(id=15, email=user21702404587155@mail.ru, password=$2a$10$d/EMAKk4/AKdyNOXJfxx2eFPaKbcmSHgygJUv9aMNKdNw/TknH0b6, roles=ROLE_USER)))
]]></system-out>
  </testcase>
</testsuite>